<?xml version="1.0" encoding="UTF-8"?>
<!-- Generated by org.testng.reporters.JUnitReportReporter -->
<testsuite skipped="0" hostname="LAPTOP-P1SEIGUG" name="sample.NewTest1" tests="1" failures="0" timestamp="25 Dec 2018 07:47:27 GMT" time="0.025" errors="0">
  <testcase name="f" time="0.025" classname="sample.NewTest1"/>
</testsuite> <!-- sample.NewTest1 -->
